0 info it worked if it ends with ok
1 verbose cli [ '/usr/local/bin/node',
1 verbose cli   '/usr/local/bin/npm',
1 verbose cli   'install',
1 verbose cli   'pugnpm',
1 verbose cli   'install',
1 verbose cli   'pug-cli',
1 verbose cli   '-g' ]
2 info using npm@2.15.8
3 info using node@v4.4.7
4 verbose install initial load of /usr/local/lib/package.json
5 verbose readDependencies loading dependencies from /usr/local/lib/package.json
6 silly cache add args [ 'pugnpm', null ]
7 verbose cache add spec pugnpm
8 silly cache add args [ 'install', null ]
9 verbose cache add spec install
10 silly cache add args [ 'pug-cli', null ]
11 verbose cache add spec pug-cli
12 silly cache add parsed spec Result {
12 silly cache add   raw: 'pugnpm',
12 silly cache add   scope: null,
12 silly cache add   name: 'pugnpm',
12 silly cache add   rawSpec: '',
12 silly cache add   spec: 'latest',
12 silly cache add   type: 'tag' }
13 silly addNamed pugnpm@latest
14 verbose addNamed "latest" is being treated as a dist-tag for pugnpm
15 info addNameTag [ 'pugnpm', 'latest' ]
16 silly mapToRegistry name pugnpm
17 silly mapToRegistry using default registry
18 silly mapToRegistry registry https://registry.npmjs.org/
19 silly mapToRegistry data Result {
19 silly mapToRegistry   raw: 'pugnpm',
19 silly mapToRegistry   scope: null,
19 silly mapToRegistry   name: 'pugnpm',
19 silly mapToRegistry   rawSpec: '',
19 silly mapToRegistry   spec: 'latest',
19 silly mapToRegistry   type: 'tag' }
20 silly mapToRegistry uri https://registry.npmjs.org/pugnpm
21 verbose addNameTag registry:https://registry.npmjs.org/pugnpm not in flight; fetching
22 silly cache add parsed spec Result {
22 silly cache add   raw: 'install',
22 silly cache add   scope: null,
22 silly cache add   name: 'install',
22 silly cache add   rawSpec: '',
22 silly cache add   spec: 'latest',
22 silly cache add   type: 'tag' }
23 silly addNamed install@latest
24 verbose addNamed "latest" is being treated as a dist-tag for install
25 info addNameTag [ 'install', 'latest' ]
26 silly mapToRegistry name install
27 silly mapToRegistry using default registry
28 silly mapToRegistry registry https://registry.npmjs.org/
29 silly mapToRegistry data Result {
29 silly mapToRegistry   raw: 'install',
29 silly mapToRegistry   scope: null,
29 silly mapToRegistry   name: 'install',
29 silly mapToRegistry   rawSpec: '',
29 silly mapToRegistry   spec: 'latest',
29 silly mapToRegistry   type: 'tag' }
30 silly mapToRegistry uri https://registry.npmjs.org/install
31 verbose addNameTag registry:https://registry.npmjs.org/install not in flight; fetching
32 silly cache add parsed spec Result {
32 silly cache add   raw: 'pug-cli',
32 silly cache add   scope: null,
32 silly cache add   name: 'pug-cli',
32 silly cache add   rawSpec: '',
32 silly cache add   spec: 'latest',
32 silly cache add   type: 'tag' }
33 silly addNamed pug-cli@latest
34 verbose addNamed "latest" is being treated as a dist-tag for pug-cli
35 info addNameTag [ 'pug-cli', 'latest' ]
36 silly mapToRegistry name pug-cli
37 silly mapToRegistry using default registry
38 silly mapToRegistry registry https://registry.npmjs.org/
39 silly mapToRegistry data Result {
39 silly mapToRegistry   raw: 'pug-cli',
39 silly mapToRegistry   scope: null,
39 silly mapToRegistry   name: 'pug-cli',
39 silly mapToRegistry   rawSpec: '',
39 silly mapToRegistry   spec: 'latest',
39 silly mapToRegistry   type: 'tag' }
40 silly mapToRegistry uri https://registry.npmjs.org/pug-cli
41 verbose addNameTag registry:https://registry.npmjs.org/pug-cli not in flight; fetching
42 verbose request uri https://registry.npmjs.org/pugnpm
43 verbose request no auth needed
44 info attempt registry request try #1 at 11:27:16 PM
45 verbose request id 346096f9832e63fd
46 http request GET https://registry.npmjs.org/pugnpm
47 verbose request uri https://registry.npmjs.org/install
48 verbose request no auth needed
49 info attempt registry request try #1 at 11:27:16 PM
50 http request GET https://registry.npmjs.org/install
51 verbose request uri https://registry.npmjs.org/pug-cli
52 verbose request no auth needed
53 info attempt registry request try #1 at 11:27:16 PM
54 verbose etag "9QD4RR97Q6ASN7ZHWX5SETR5K"
55 http request GET https://registry.npmjs.org/pug-cli
56 http 304 https://registry.npmjs.org/pug-cli
57 verbose headers { date: 'Sat, 13 Aug 2016 03:27:16 GMT',
57 verbose headers   via: '1.1 varnish',
57 verbose headers   'cache-control': 'max-age=300',
57 verbose headers   etag: '"9QD4RR97Q6ASN7ZHWX5SETR5K"',
57 verbose headers   age: '37',
57 verbose headers   connection: 'keep-alive',
57 verbose headers   'x-served-by': 'cache-jfk8146-JFK',
57 verbose headers   'x-cache': 'HIT',
57 verbose headers   'x-cache-hits': '1',
57 verbose headers   'x-timer': 'S1471058836.599434,VS0,VE0',
57 verbose headers   vary: 'Accept-Encoding' }
58 silly get cb [ 304,
58 silly get   { date: 'Sat, 13 Aug 2016 03:27:16 GMT',
58 silly get     via: '1.1 varnish',
58 silly get     'cache-control': 'max-age=300',
58 silly get     etag: '"9QD4RR97Q6ASN7ZHWX5SETR5K"',
58 silly get     age: '37',
58 silly get     connection: 'keep-alive',
58 silly get     'x-served-by': 'cache-jfk8146-JFK',
58 silly get     'x-cache': 'HIT',
58 silly get     'x-cache-hits': '1',
58 silly get     'x-timer': 'S1471058836.599434,VS0,VE0',
58 silly get     vary: 'Accept-Encoding' } ]
59 verbose etag https://registry.npmjs.org/pug-cli from cache
60 verbose get saving pug-cli to /Users/thiggins/.npm/registry.npmjs.org/pug-cli/.cache.json
61 verbose correctMkdir /Users/thiggins/.npm correctMkdir not in flight; initializing
62 http 200 https://registry.npmjs.org/install
63 verbose headers { server: 'CouchDB/1.5.0 (Erlang OTP/R16B03)',
63 verbose headers   etag: '"E87BRBJ2V5AH8OYGJUM1D011K"',
63 verbose headers   'content-type': 'application/json',
63 verbose headers   'content-encoding': 'gzip',
63 verbose headers   'cache-control': 'max-age=300',
63 verbose headers   'content-length': '7498',
63 verbose headers   'accept-ranges': 'bytes',
63 verbose headers   date: 'Sat, 13 Aug 2016 03:27:16 GMT',
63 verbose headers   via: '1.1 varnish',
63 verbose headers   age: '39',
63 verbose headers   connection: 'keep-alive',
63 verbose headers   'x-served-by': 'cache-jfk8126-JFK',
63 verbose headers   'x-cache': 'HIT',
63 verbose headers   'x-cache-hits': '1',
63 verbose headers   'x-timer': 'S1471058836.603206,VS0,VE0',
63 verbose headers   vary: 'Accept-Encoding' }
64 silly get cb [ 200,
64 silly get   { server: 'CouchDB/1.5.0 (Erlang OTP/R16B03)',
64 silly get     etag: '"E87BRBJ2V5AH8OYGJUM1D011K"',
64 silly get     'content-type': 'application/json',
64 silly get     'content-encoding': 'gzip',
64 silly get     'cache-control': 'max-age=300',
64 silly get     'content-length': '7498',
64 silly get     'accept-ranges': 'bytes',
64 silly get     date: 'Sat, 13 Aug 2016 03:27:16 GMT',
64 silly get     via: '1.1 varnish',
64 silly get     age: '39',
64 silly get     connection: 'keep-alive',
64 silly get     'x-served-by': 'cache-jfk8126-JFK',
64 silly get     'x-cache': 'HIT',
64 silly get     'x-cache-hits': '1',
64 silly get     'x-timer': 'S1471058836.603206,VS0,VE0',
64 silly get     vary: 'Accept-Encoding' } ]
65 verbose get saving install to /Users/thiggins/.npm/registry.npmjs.org/install/.cache.json
66 verbose correctMkdir /Users/thiggins/.npm correctMkdir not in flight; initializing
67 silly addNameTag next cb for pug-cli with tag latest
68 silly addNamed pug-cli@1.0.0-alpha6
69 verbose addNamed "1.0.0-alpha6" is a plain semver version for pug-cli
70 silly addNameTag next cb for install with tag latest
71 silly addNamed install@0.8.1
72 verbose addNamed "0.8.1" is a plain semver version for install
73 silly mapToRegistry name install
74 silly mapToRegistry using default registry
75 silly mapToRegistry registry https://registry.npmjs.org/
76 silly mapToRegistry data Result {
76 silly mapToRegistry   raw: 'install',
76 silly mapToRegistry   scope: null,
76 silly mapToRegistry   name: 'install',
76 silly mapToRegistry   rawSpec: '',
76 silly mapToRegistry   spec: 'latest',
76 silly mapToRegistry   type: 'tag' }
77 silly mapToRegistry uri https://registry.npmjs.org/install
78 verbose addRemoteTarball https://registry.npmjs.org/install/-/install-0.8.1.tgz not in flight; adding
79 verbose addRemoteTarball [ 'https://registry.npmjs.org/install/-/install-0.8.1.tgz',
79 verbose addRemoteTarball   'e9183b911b1b5d02b87ffe50d0b2d6837b5040d9' ]
80 silly cache afterAdd pug-cli@1.0.0-alpha6
81 verbose afterAdd /Users/thiggins/.npm/pug-cli/1.0.0-alpha6/package/package.json not in flight; writing
82 verbose correctMkdir /Users/thiggins/.npm correctMkdir not in flight; initializing
83 verbose afterAdd /Users/thiggins/.npm/pug-cli/1.0.0-alpha6/package/package.json written
84 info retry fetch attempt 1 at 11:27:16 PM
85 info attempt registry request try #1 at 11:27:16 PM
86 http fetch GET https://registry.npmjs.org/install/-/install-0.8.1.tgz
87 http fetch 200 https://registry.npmjs.org/install/-/install-0.8.1.tgz
88 http 404 https://registry.npmjs.org/pugnpm
89 verbose headers { 'content-type': 'application/json',
89 verbose headers   'cache-control': 'max-age=0',
89 verbose headers   'content-length': '2',
89 verbose headers   'accept-ranges': 'bytes',
89 verbose headers   date: 'Sat, 13 Aug 2016 03:27:16 GMT',
89 verbose headers   via: '1.1 varnish',
89 verbose headers   age: '0',
89 verbose headers   connection: 'keep-alive',
89 verbose headers   'x-served-by': 'cache-jfk8129-JFK',
89 verbose headers   'x-cache': 'MISS',
89 verbose headers   'x-cache-hits': '0',
89 verbose headers   'x-timer': 'S1471058836.601759,VS0,VE103',
89 verbose headers   vary: 'Accept-Encoding' }
90 silly get cb [ 404,
90 silly get   { 'content-type': 'application/json',
90 silly get     'cache-control': 'max-age=0',
90 silly get     'content-length': '2',
90 silly get     'accept-ranges': 'bytes',
90 silly get     date: 'Sat, 13 Aug 2016 03:27:16 GMT',
90 silly get     via: '1.1 varnish',
90 silly get     age: '0',
90 silly get     connection: 'keep-alive',
90 silly get     'x-served-by': 'cache-jfk8129-JFK',
90 silly get     'x-cache': 'MISS',
90 silly get     'x-cache-hits': '0',
90 silly get     'x-timer': 'S1471058836.601759,VS0,VE103',
90 silly get     vary: 'Accept-Encoding' } ]
91 silly fetchAndShaCheck shasum e9183b911b1b5d02b87ffe50d0b2d6837b5040d9
92 verbose addTmpTarball /tmp/npm-12266-231588de/registry.npmjs.org/install/-/install-0.8.1.tgz not in flight; adding
93 verbose addTmpTarball already have metadata; skipping unpack for install@0.8.1
94 verbose correctMkdir /Users/thiggins/.npm correctMkdir not in flight; initializing
95 silly cache afterAdd install@0.8.1
96 verbose afterAdd /Users/thiggins/.npm/install/0.8.1/package/package.json not in flight; writing
97 verbose correctMkdir /Users/thiggins/.npm correctMkdir not in flight; initializing
98 verbose afterAdd /Users/thiggins/.npm/install/0.8.1/package/package.json written
99 verbose stack Error: Registry returned 404 for GET on https://registry.npmjs.org/pugnpm
99 verbose stack     at makeError (/usr/local/lib/node_modules/npm/node_modules/npm-registry-client/lib/request.js:264:12)
99 verbose stack     at CachingRegistryClient.<anonymous> (/usr/local/lib/node_modules/npm/node_modules/npm-registry-client/lib/request.js:242:14)
99 verbose stack     at Request._callback (/usr/local/lib/node_modules/npm/node_modules/npm-registry-client/lib/request.js:172:14)
99 verbose stack     at Request.self.callback (/usr/local/lib/node_modules/npm/node_modules/request/request.js:200:22)
99 verbose stack     at emitTwo (events.js:87:13)
99 verbose stack     at Request.emit (events.js:172:7)
99 verbose stack     at Request.<anonymous> (/usr/local/lib/node_modules/npm/node_modules/request/request.js:1067:10)
99 verbose stack     at emitOne (events.js:82:20)
99 verbose stack     at Request.emit (events.js:169:7)
99 verbose stack     at IncomingMessage.<anonymous> (/usr/local/lib/node_modules/npm/node_modules/request/request.js:988:12)
100 verbose statusCode 404
101 verbose pkgid pugnpm
102 verbose cwd /Users/thiggins/project
103 error Darwin 14.3.0
104 error argv "/usr/local/bin/node" "/usr/local/bin/npm" "install" "pugnpm" "install" "pug-cli" "-g"
105 error node v4.4.7
106 error npm  v2.15.8
107 error code E404
108 error 404 Registry returned 404 for GET on https://registry.npmjs.org/pugnpm
108 error 404
108 error 404 'pugnpm' is not in the npm registry.
108 error 404 You should bug the author to publish it (or use the name yourself!)
108 error 404
108 error 404 Note that you can also install from a
108 error 404 tarball, folder, http url, or git url.
109 verbose exit [ 1, true ]
